<?xml version="1.0" encoding="UTF-8"?>
<!-- Generated by org.testng.reporters.JUnitReportReporter -->
<testsuite hostname="MDs-MacBook-Pro.lan" failures="0" tests="1" name="com.seleniumJava.qa.OpenHomePage" time="3.262" errors="0" timestamp="2020-10-06T09:27:34 EDT" skipped="0">
  <testcase classname="com.seleniumJava.qa.OpenHomePage" name="HomePageTitle" time="3.262"/>
  <system-out/>
</testsuite> <!-- com.seleniumJava.qa.OpenHomePage -->
